2026-04-13 01:29:31,549 INFO o.a.j.u.JMeterUtils: Setting Locale to en_EN
2026-04-13 01:29:31,559 INFO o.a.j.JMeter: Loading user properties from: /opt/homebrew/Cellar/jmeter/5.6.3/libexec/bin/user.properties
2026-04-13 01:29:31,559 INFO o.a.j.JMeter: Loading system properties from: /opt/homebrew/Cellar/jmeter/5.6.3/libexec/bin/system.properties
2026-04-13 01:29:31,562 INFO o.a.j.JMeter: Copyright (c) 1998-2024 The Apache Software Foundation
2026-04-13 01:29:31,562 INFO o.a.j.JMeter: Version 5.6.3
2026-04-13 01:29:31,562 INFO o.a.j.JMeter: java.version=21.0.5
2026-04-13 01:29:31,562 INFO o.a.j.JMeter: java.vm.name=OpenJDK 64-Bit Server VM
2026-04-13 01:29:31,562 INFO o.a.j.JMeter: os.name=Mac OS X
2026-04-13 01:29:31,562 INFO o.a.j.JMeter: os.arch=aarch64
2026-04-13 01:29:31,562 INFO o.a.j.JMeter: os.version=15.6.1
2026-04-13 01:29:31,562 INFO o.a.j.JMeter: file.encoding=UTF-8
2026-04-13 01:29:31,562 INFO o.a.j.JMeter: java.awt.headless=true
2026-04-13 01:29:31,562 INFO o.a.j.JMeter: Max memory     =1073741824
2026-04-13 01:29:31,562 INFO o.a.j.JMeter: Available Processors =8
2026-04-13 01:29:31,568 INFO o.a.j.JMeter: Default Locale=English (EN)
2026-04-13 01:29:31,568 INFO o.a.j.JMeter: JMeter  Locale=English (EN)
2026-04-13 01:29:31,568 INFO o.a.j.JMeter: JMeterHome=/opt/homebrew/Cellar/jmeter/5.6.3/libexec
2026-04-13 01:29:31,568 INFO o.a.j.JMeter: user.dir  =/Users/rachanadinkar/TestingFramework
2026-04-13 01:29:31,568 INFO o.a.j.JMeter: PWD       =/Users/rachanadinkar/TestingFramework
2026-04-13 01:29:31,570 INFO o.a.j.JMeter: IP: 127.0.0.1 Name: Sandeshs-MacBook-Air.local FullName: localhost
2026-04-13 01:29:31,575 INFO o.a.j.JMeter: Setting property 'jmeter.reportgenerator.outputdir' to:'/Users/rachanadinkar/TestingFramework/performance/html_report'
2026-04-13 01:29:31,576 INFO o.a.j.s.FileServer: Default base='/Users/rachanadinkar/TestingFramework'
2026-04-13 01:29:31,576 INFO o.a.j.s.FileServer: Set new base='/Users/rachanadinkar/TestingFramework/performance/jmx'
2026-04-13 01:29:31,679 INFO o.a.j.s.SaveService: Testplan (JMX) version: 2.2. Testlog (JTL) version: 2.2
2026-04-13 01:29:31,702 INFO o.a.j.s.SaveService: Using SaveService properties version 5.0
2026-04-13 01:29:31,704 INFO o.a.j.s.SaveService: Using SaveService properties file encoding UTF-8
2026-04-13 01:29:31,706 INFO o.a.j.s.SaveService: Loading file: performance/jmx/saucedemo_weekend_lab.jmx
2026-04-13 01:29:31,728 INFO o.a.j.p.h.c.CookieManager: Settings: Delete null: true Check: true Allow variable: true Save: false Prefix: COOKIE_
2026-04-13 01:29:31,741 INFO o.a.j.p.h.s.HTTPSamplerBase: Parser for text/html is org.apache.jmeter.protocol.http.parser.LagartoBasedHtmlParser
2026-04-13 01:29:31,741 INFO o.a.j.p.h.s.HTTPSamplerBase: Parser for application/xhtml+xml is org.apache.jmeter.protocol.http.parser.LagartoBasedHtmlParser
2026-04-13 01:29:31,741 INFO o.a.j.p.h.s.HTTPSamplerBase: Parser for application/xml is org.apache.jmeter.protocol.http.parser.LagartoBasedHtmlParser
2026-04-13 01:29:31,741 INFO o.a.j.p.h.s.HTTPSamplerBase: Parser for text/xml is org.apache.jmeter.protocol.http.parser.LagartoBasedHtmlParser
2026-04-13 01:29:31,741 INFO o.a.j.p.h.s.HTTPSamplerBase: Parser for text/vnd.wap.wml is org.apache.jmeter.protocol.http.parser.RegexpHTMLParser
2026-04-13 01:29:31,741 INFO o.a.j.p.h.s.HTTPSamplerBase: Parser for text/css is org.apache.jmeter.protocol.http.parser.CssParser
2026-04-13 01:29:31,754 INFO o.a.j.JMeter: Creating summariser <summary>
2026-04-13 01:29:31,756 INFO o.a.j.r.d.ReportGenerator: ReportGenerator will use for Parsing the separator: ','
2026-04-13 01:29:31,756 INFO o.a.j.r.d.ReportGenerator: Will generate report at end of test from  results file: performance/results/results.jtl
2026-04-13 01:29:31,756 INFO o.a.j.r.d.ReportGenerator: Reading report generator properties from: /opt/homebrew/Cellar/jmeter/5.6.3/libexec/bin/reportgenerator.properties
2026-04-13 01:29:31,756 INFO o.a.j.r.d.ReportGenerator: Merging with JMeter properties
2026-04-13 01:29:31,758 INFO o.a.j.r.c.ReportGeneratorConfiguration: Property 'jmeter.reportgenerator.temp_dir' not found, using default value 'temp' instead.
2026-04-13 01:29:31,759 INFO o.a.j.r.c.ReportGeneratorConfiguration: Property 'jmeter.reportgenerator.apdex_per_transaction' not found, using default value 'null' instead.
2026-04-13 01:29:31,759 INFO o.a.j.r.c.ReportGeneratorConfiguration: apdex_per_transaction is empty, not APDEX per transaction customization
2026-04-13 01:29:31,759 INFO o.a.j.r.c.ReportGeneratorConfiguration: Property 'jmeter.reportgenerator.sample_filter' not found, using default value 'null' instead.
2026-04-13 01:29:31,759 INFO o.a.j.r.c.ReportGeneratorConfiguration: Property 'jmeter.reportgenerator.report_title' not found, using default value 'null' instead.
2026-04-13 01:29:31,759 INFO o.a.j.r.c.ReportGeneratorConfiguration: Property 'jmeter.reportgenerator.start_date' not found, using default value 'null' instead.
2026-04-13 01:29:31,759 INFO o.a.j.r.c.ReportGeneratorConfiguration: Property 'jmeter.reportgenerator.end_date' not found, using default value 'null' instead.
2026-04-13 01:29:31,759 INFO o.a.j.r.c.ReportGeneratorConfiguration: Property 'jmeter.reportgenerator.date_format' not found, using default value 'null' instead.
2026-04-13 01:29:31,760 INFO o.a.j.r.c.ReportGeneratorConfiguration: Will use date range start date: null, end date: null
2026-04-13 01:29:31,761 INFO o.a.j.r.c.ReportGeneratorConfiguration: Property 'jmeter.reportgenerator.graph.totalTPS.exclude_controllers' not found, using default value 'false' instead.
2026-04-13 01:29:31,761 INFO o.a.j.r.c.ReportGeneratorConfiguration: Property 'jmeter.reportgenerator.graph.activeThreadsOverTime.exclude_controllers' not found, using default value 'false' instead.
2026-04-13 01:29:31,762 INFO o.a.j.r.c.ReportGeneratorConfiguration: Property 'jmeter.reportgenerator.graph.timeVsThreads.exclude_controllers' not found, using default value 'false' instead.
2026-04-13 01:29:31,762 INFO o.a.j.r.c.ReportGeneratorConfiguration: Property 'jmeter.reportgenerator.graph.responseTimeDistribution.exclude_controllers' not found, using default value 'false' instead.
2026-04-13 01:29:31,762 INFO o.a.j.r.c.ReportGeneratorConfiguration: Property 'jmeter.reportgenerator.graph.transactionsPerSecond.exclude_controllers' not found, using default value 'false' instead.
2026-04-13 01:29:31,762 INFO o.a.j.r.c.ReportGeneratorConfiguration: Property 'jmeter.reportgenerator.graph.responseTimePercentiles.exclude_controllers' not found, using default value 'false' instead.
2026-04-13 01:29:31,762 INFO o.a.j.r.c.ReportGeneratorConfiguration: Property 'jmeter.reportgenerator.graph.responseTimePercentilesOverTime.exclude_controllers' not found, using default value 'false' instead.
2026-04-13 01:29:31,762 INFO o.a.j.r.c.ReportGeneratorConfiguration: Property 'jmeter.reportgenerator.graph.responseTimesOverTime.exclude_controllers' not found, using default value 'false' instead.
2026-04-13 01:29:31,762 INFO o.a.j.r.c.ReportGeneratorConfiguration: Property 'jmeter.reportgenerator.graph.connectTimeOverTime.exclude_controllers' not found, using default value 'false' instead.
2026-04-13 01:29:31,762 INFO o.a.j.r.c.ReportGeneratorConfiguration: Property 'jmeter.reportgenerator.graph.latenciesOverTime.exclude_controllers' not found, using default value 'false' instead.
2026-04-13 01:29:31,762 INFO o.a.j.r.c.ReportGeneratorConfiguration: Property 'jmeter.reportgenerator.exporter.json.filters_only_sample_series' not found, using default value 'true' instead.
2026-04-13 01:29:31,762 INFO o.a.j.r.c.ReportGeneratorConfiguration: Property 'jmeter.reportgenerator.exporter.json.series_filter' not found, using default value '' instead.
2026-04-13 01:29:31,762 INFO o.a.j.r.c.ReportGeneratorConfiguration: Property 'jmeter.reportgenerator.exporter.json.show_controllers_only' not found, using default value 'false' instead.
2026-04-13 01:29:31,763 INFO o.a.j.r.c.ReportGeneratorConfiguration: Property 'jmeter.reportgenerator.exporter.html.filters_only_sample_series' not found, using default value 'true' instead.
2026-04-13 01:29:31,763 INFO o.a.j.r.c.ReportGeneratorConfiguration: Property 'jmeter.reportgenerator.exporter.html.series_filter' not found, using default value '' instead.
2026-04-13 01:29:31,763 INFO o.a.j.r.c.ReportGeneratorConfiguration: Property 'jmeter.reportgenerator.exporter.html.show_controllers_only' not found, using default value 'false' instead.
2026-04-13 01:29:31,769 INFO o.a.j.e.StandardJMeterEngine: Running the test!
2026-04-13 01:29:31,769 INFO o.a.j.s.SampleEvent: List of sample_variables: []
2026-04-13 01:29:31,769 INFO o.a.j.s.SampleEvent: List of sample_variables: []
2026-04-13 01:29:31,772 INFO o.a.j.e.u.CompoundVariable: Note: Function class names must contain the string: '.functions.'
2026-04-13 01:29:31,772 INFO o.a.j.e.u.CompoundVariable: Note: Function class names must not contain the string: '.gui.'
2026-04-13 01:29:31,799 INFO o.a.j.r.ClassFinder: Will scan jar /opt/homebrew/Cellar/jmeter/5.6.3/libexec/lib/ext/jmeter-plugins-manager-1.9.jar with filter ExtendsClassFilter [parents=[interface org.apache.jmeter.functions.Function], inner=false, contains=null, notContains=null]. Consider exposing JMeter plugins via META-INF/services, and add JMeter-Skip-Class-Scanning=true manifest attribute so JMeter can skip classfile scanning
2026-04-13 01:29:31,859 INFO o.a.j.JMeter: Running test (1776023971859)
2026-04-13 01:29:31,870 INFO o.a.j.e.StandardJMeterEngine: Starting ThreadGroup: 1 : Thread Group
2026-04-13 01:29:31,870 INFO o.a.j.e.StandardJMeterEngine: Starting 20 threads for group Thread Group.
2026-04-13 01:29:31,870 INFO o.a.j.e.StandardJMeterEngine: Thread will continue on error
2026-04-13 01:29:31,870 INFO o.a.j.t.ThreadGroup: Starting thread group... number=1 threads=20 ramp-up=60 delayedStart=false
2026-04-13 01:29:31,873 INFO o.a.j.t.JMeterThread: Thread started: Thread Group 1-1
2026-04-13 01:29:31,877 INFO o.a.j.t.ThreadGroup: Started thread group number 1
2026-04-13 01:29:31,877 INFO o.a.j.e.StandardJMeterEngine: All thread groups have been started
2026-04-13 01:29:31,887 INFO o.a.j.p.h.s.HTTPHCAbstractImpl: Local host = Sandeshs-MacBook-Air.local
2026-04-13 01:29:31,889 INFO o.a.j.p.h.s.HTTPHC4Impl: HTTP request retry count = 0
2026-04-13 01:29:31,890 INFO o.a.j.s.SampleResult: Note: Sample TimeStamps are START times
2026-04-13 01:29:31,890 INFO o.a.j.s.SampleResult: sampleresult.default.encoding is set to UTF-8
2026-04-13 01:29:31,890 INFO o.a.j.s.SampleResult: sampleresult.useNanoTime=true
2026-04-13 01:29:31,890 INFO o.a.j.s.SampleResult: sampleresult.nanoThreadSleep=5000
2026-04-13 01:29:31,913 INFO o.a.j.p.h.s.h.LazyLayeredConnectionSocketFactory: Setting up HTTPS TrustAll Socket Factory
2026-04-13 01:29:31,915 INFO o.a.j.u.JsseSSLManager: Using default SSL protocol: TLS
2026-04-13 01:29:31,916 INFO o.a.j.u.JsseSSLManager: SSL session context: per-thread
2026-04-13 01:29:32,065 INFO o.a.j.u.SSLManager: JmeterKeyStore Location:  type JKS
2026-04-13 01:29:32,066 INFO o.a.j.u.SSLManager: KeyStore created OK
2026-04-13 01:29:32,066 WARN o.a.j.u.SSLManager: Keystore file not found, loading empty keystore
2026-04-13 01:29:32,179 INFO o.a.j.r.Summariser: summary +      1 in 00:00:00 =    3.1/s Avg:   272 Min:   272 Max:   272 Err:     0 (0.00%) Active: 1 Started: 1 Finished: 0
2026-04-13 01:29:34,877 INFO o.a.j.t.JMeterThread: Thread started: Thread Group 1-2
2026-04-13 01:29:37,877 INFO o.a.j.t.JMeterThread: Thread started: Thread Group 1-3
2026-04-13 01:29:40,875 INFO o.a.j.t.JMeterThread: Thread started: Thread Group 1-4
2026-04-13 01:29:43,876 INFO o.a.j.t.JMeterThread: Thread started: Thread Group 1-5
2026-04-13 01:29:46,876 INFO o.a.j.t.JMeterThread: Thread started: Thread Group 1-6
2026-04-13 01:29:49,875 INFO o.a.j.t.JMeterThread: Thread started: Thread Group 1-7
2026-04-13 01:29:52,876 INFO o.a.j.t.JMeterThread: Thread started: Thread Group 1-8
2026-04-13 01:29:55,873 INFO o.a.j.t.JMeterThread: Thread started: Thread Group 1-9
2026-04-13 01:29:58,876 INFO o.a.j.t.JMeterThread: Thread started: Thread Group 1-10
2026-04-13 01:30:00,038 INFO o.a.j.r.Summariser: summary +    544 in 00:00:28 =   19.5/s Avg:    12 Min:     6 Max:    56 Err:   270 (49.63%) Active: 10 Started: 10 Finished: 0
2026-04-13 01:30:00,039 INFO o.a.j.r.Summariser: summary =    545 in 00:00:28 =   19.3/s Avg:    13 Min:     6 Max:   272 Err:   270 (49.54%)
2026-04-13 01:30:01,874 INFO o.a.j.t.JMeterThread: Thread started: Thread Group 1-11
2026-04-13 01:30:04,875 INFO o.a.j.t.JMeterThread: Thread started: Thread Group 1-12
2026-04-13 01:30:07,874 INFO o.a.j.t.JMeterThread: Thread started: Thread Group 1-13
2026-04-13 01:30:10,876 INFO o.a.j.t.JMeterThread: Thread started: Thread Group 1-14
2026-04-13 01:30:13,873 INFO o.a.j.t.JMeterThread: Thread started: Thread Group 1-15
2026-04-13 01:30:16,872 INFO o.a.j.t.JMeterThread: Thread started: Thread Group 1-16
2026-04-13 01:30:19,874 INFO o.a.j.t.JMeterThread: Thread started: Thread Group 1-17
2026-04-13 01:30:22,875 INFO o.a.j.t.JMeterThread: Thread started: Thread Group 1-18
2026-04-13 01:30:25,873 INFO o.a.j.t.JMeterThread: Thread started: Thread Group 1-19
2026-04-13 01:30:28,876 INFO o.a.j.t.JMeterThread: Thread started: Thread Group 1-20
2026-04-13 01:30:30,007 INFO o.a.j.r.Summariser: summary +   1681 in 00:00:30 =   56.1/s Avg:    11 Min:     6 Max:    65 Err:   838 (49.85%) Active: 20 Started: 20 Finished: 0
2026-04-13 01:30:30,008 INFO o.a.j.r.Summariser: summary =   2226 in 00:00:58 =   38.3/s Avg:    12 Min:     6 Max:   272 Err:  1108 (49.78%)
2026-04-13 01:31:00,008 INFO o.a.j.r.Summariser: summary +   2237 in 00:00:30 =   74.6/s Avg:    17 Min:     6 Max:   212 Err:  1118 (49.98%) Active: 20 Started: 20 Finished: 0
2026-04-13 01:31:00,010 INFO o.a.j.r.Summariser: summary =   4463 in 00:01:28 =   50.6/s Avg:    14 Min:     6 Max:   272 Err:  2226 (49.88%)
2026-04-13 01:31:30,008 INFO o.a.j.r.Summariser: summary +   2299 in 00:00:30 =   76.6/s Avg:    12 Min:     6 Max:   131 Err:  1151 (50.07%) Active: 20 Started: 20 Finished: 0
2026-04-13 01:31:30,010 INFO o.a.j.r.Summariser: summary =   6762 in 00:01:58 =   57.2/s Avg:    13 Min:     6 Max:   272 Err:  3377 (49.94%)
2026-04-13 01:32:00,014 INFO o.a.j.r.Summariser: summary +   2183 in 00:00:30 =   72.8/s Avg:    12 Min:     6 Max:    83 Err:  1091 (49.98%) Active: 20 Started: 20 Finished: 0
2026-04-13 01:32:00,015 INFO o.a.j.r.Summariser: summary =   8945 in 00:02:28 =   60.4/s Avg:    13 Min:     6 Max:   272 Err:  4468 (49.95%)
2026-04-13 01:32:30,006 INFO o.a.j.r.Summariser: summary +   2299 in 00:00:30 =   76.7/s Avg:    12 Min:     6 Max:    62 Err:  1151 (50.07%) Active: 20 Started: 20 Finished: 0
2026-04-13 01:32:30,007 INFO o.a.j.r.Summariser: summary =  11244 in 00:02:58 =   63.1/s Avg:    13 Min:     6 Max:   272 Err:  5619 (49.97%)
2026-04-13 01:32:31,498 INFO o.a.j.t.JMeterThread: Thread finished: Thread Group 1-5
2026-04-13 01:32:31,576 INFO o.a.j.t.JMeterThread: Thread finished: Thread Group 1-8
2026-04-13 01:32:31,589 INFO o.a.j.t.JMeterThread: Thread finished: Thread Group 1-18
2026-04-13 01:32:31,590 INFO o.a.j.t.JMeterThread: Thread finished: Thread Group 1-2
2026-04-13 01:32:31,677 INFO o.a.j.t.JMeterThread: Thread finished: Thread Group 1-11
2026-04-13 01:32:31,684 INFO o.a.j.t.JMeterThread: Thread finished: Thread Group 1-20
2026-04-13 01:32:31,709 INFO o.a.j.t.JMeterThread: Thread finished: Thread Group 1-10
2026-04-13 01:32:31,713 INFO o.a.j.t.JMeterThread: Thread finished: Thread Group 1-7
2026-04-13 01:32:31,713 INFO o.a.j.t.JMeterThread: Thread finished: Thread Group 1-6
2026-04-13 01:32:31,716 INFO o.a.j.t.JMeterThread: Thread finished: Thread Group 1-12
2026-04-13 01:32:31,735 INFO o.a.j.t.JMeterThread: Thread finished: Thread Group 1-13
2026-04-13 01:32:31,735 INFO o.a.j.t.JMeterThread: Thread finished: Thread Group 1-1
2026-04-13 01:32:31,761 INFO o.a.j.t.JMeterThread: Thread finished: Thread Group 1-14
2026-04-13 01:32:31,766 INFO o.a.j.t.JMeterThread: Thread finished: Thread Group 1-19
2026-04-13 01:32:31,767 INFO o.a.j.t.JMeterThread: Thread finished: Thread Group 1-15
2026-04-13 01:32:31,776 INFO o.a.j.t.JMeterThread: Thread finished: Thread Group 1-9
2026-04-13 01:32:31,800 INFO o.a.j.t.JMeterThread: Thread finished: Thread Group 1-17
2026-04-13 01:32:31,809 INFO o.a.j.t.JMeterThread: Thread finished: Thread Group 1-16
2026-04-13 01:32:31,865 INFO o.a.j.t.JMeterThread: Thread finished: Thread Group 1-4
2026-04-13 01:32:31,879 INFO o.a.j.t.JMeterThread: Stopping because end time detected by thread: Thread Group 1-3
2026-04-13 01:32:31,879 INFO o.a.j.t.JMeterThread: Thread finished: Thread Group 1-3
2026-04-13 01:32:31,880 INFO o.a.j.e.StandardJMeterEngine: Notifying test listeners of end of test
2026-04-13 01:32:31,881 INFO o.a.j.r.Summariser: summary +    146 in 00:00:02 =   77.9/s Avg:    11 Min:     8 Max:    37 Err:    71 (48.63%) Active: 0 Started: 20 Finished: 20
2026-04-13 01:32:31,881 INFO o.a.j.r.Summariser: summary =  11390 in 00:03:00 =   63.3/s Avg:    13 Min:     6 Max:   272 Err:  5690 (49.96%)
2026-04-13 01:32:31,881 INFO o.a.j.JMeter: Generating Dashboard
2026-04-13 01:32:31,881 INFO o.a.j.r.d.ReportGenerator: Flushing result collector before report Generation
2026-04-13 01:32:31,896 INFO o.a.j.r.p.NormalizerSampleConsumer: Using format, 'ms', to parse timeStamp field
2026-04-13 01:32:32,246 INFO o.a.j.r.p.AbstractSampleConsumer: class org.apache.jmeter.report.processor.AggregateConsumer#stopProducing(): beginDate produced 0 samples
2026-04-13 01:32:32,246 INFO o.a.j.r.p.AbstractSampleConsumer: class org.apache.jmeter.report.processor.AggregateConsumer#stopProducing(): endDate produced 0 samples
2026-04-13 01:32:32,247 INFO o.a.j.r.p.AbstractSampleConsumer: class org.apache.jmeter.report.processor.ApdexSummaryConsumer#stopProducing(): apdexSummary produced 0 samples
2026-04-13 01:32:32,247 INFO o.a.j.r.p.AbstractSampleConsumer: class org.apache.jmeter.report.processor.RequestsSummaryConsumer#stopProducing(): requestsSummary produced 0 samples
2026-04-13 01:32:32,253 INFO o.a.j.r.p.AbstractSampleConsumer: class org.apache.jmeter.report.processor.StatisticsSummaryConsumer#stopProducing(): statisticsSummary produced 0 samples
2026-04-13 01:32:32,254 INFO o.a.j.r.p.AbstractSampleConsumer: class org.apache.jmeter.report.processor.Top5ErrorsBySamplerConsumer#stopProducing(): top5ErrorsBySampler produced 0 samples
2026-04-13 01:32:32,254 INFO o.a.j.r.p.AbstractSampleConsumer: class org.apache.jmeter.report.processor.ErrorsSummaryConsumer#stopProducing(): errorsSummary produced 0 samples
2026-04-13 01:32:32,254 INFO o.a.j.r.p.AbstractSampleConsumer: class org.apache.jmeter.report.processor.graph.impl.HitsPerSecondGraphConsumer#stopProducing(): hitsPerSecond produced 0 samples
2026-04-13 01:32:32,342 INFO o.a.j.r.p.AbstractSampleConsumer: class org.apache.jmeter.report.processor.graph.impl.LatencyVSRequestGraphConsumer#stopProducing(): latencyVsRequest produced 0 samples
2026-04-13 01:32:32,343 INFO o.a.j.r.p.AbstractSampleConsumer: class org.apache.jmeter.report.processor.graph.impl.SyntheticResponseTimeDistributionGraphConsumer#stopProducing(): syntheticResponseTimeDistribution produced 0 samples
2026-04-13 01:32:32,344 INFO o.a.j.r.p.AbstractSampleConsumer: class org.apache.jmeter.report.processor.graph.impl.BytesThroughputGraphConsumer#stopProducing(): bytesThroughputOverTime produced 0 samples
2026-04-13 01:32:32,344 INFO o.a.j.r.p.AbstractSampleConsumer: class org.apache.jmeter.report.processor.graph.impl.CodesPerSecondGraphConsumer#stopProducing(): codesPerSecond produced 0 samples
2026-04-13 01:32:32,383 INFO o.a.j.r.p.AbstractSampleConsumer: class org.apache.jmeter.report.processor.graph.impl.ResponseTimeVSRequestGraphConsumer#stopProducing(): responseTimeVsRequest produced 0 samples
2026-04-13 01:32:32,384 INFO o.a.j.r.p.AbstractSampleConsumer: class org.apache.jmeter.report.processor.FilterConsumer#stopProducing(): startIntervalControlerFilter produced 79730 samples
2026-04-13 01:32:32,384 INFO o.a.j.r.p.AbstractSampleConsumer: class org.apache.jmeter.report.processor.graph.impl.TotalTPSGraphConsumer#stopProducing(): totalTPS produced 0 samples
2026-04-13 01:32:32,384 INFO o.a.j.r.p.AbstractSampleConsumer: class org.apache.jmeter.report.processor.graph.impl.ActiveThreadsGraphConsumer#stopProducing(): activeThreadsOverTime produced 0 samples
2026-04-13 01:32:32,384 INFO o.a.j.r.p.AbstractSampleConsumer: class org.apache.jmeter.report.processor.graph.impl.TimeVSThreadGraphConsumer#stopProducing(): timeVsThreads produced 0 samples
2026-04-13 01:32:32,384 INFO o.a.j.r.p.AbstractSampleConsumer: class org.apache.jmeter.report.processor.graph.impl.ResponseTimeDistributionGraphConsumer#stopProducing(): responseTimeDistribution produced 0 samples
2026-04-13 01:32:32,384 INFO o.a.j.r.p.AbstractSampleConsumer: class org.apache.jmeter.report.processor.graph.impl.TransactionsPerSecondGraphConsumer#stopProducing(): transactionsPerSecond produced 0 samples
2026-04-13 01:32:32,385 INFO o.a.j.r.p.AbstractSampleConsumer: class org.apache.jmeter.report.processor.graph.impl.ResponseTimePercentilesGraphConsumer#stopProducing(): responseTimePercentiles produced 0 samples
2026-04-13 01:32:32,385 INFO o.a.j.r.p.AbstractSampleConsumer: class org.apache.jmeter.report.processor.graph.impl.ResponseTimePercentilesOverTimeGraphConsumer#stopProducing(): responseTimePercentilesOverTime produced 0 samples
2026-04-13 01:32:32,386 INFO o.a.j.r.p.AbstractSampleConsumer: class org.apache.jmeter.report.processor.graph.impl.ResponseTimeOverTimeGraphConsumer#stopProducing(): responseTimesOverTime produced 0 samples
2026-04-13 01:32:32,386 INFO o.a.j.r.p.AbstractSampleConsumer: class org.apache.jmeter.report.processor.graph.impl.ConnectTimeOverTimeGraphConsumer#stopProducing(): connectTimeOverTime produced 0 samples
2026-04-13 01:32:32,386 INFO o.a.j.r.p.AbstractSampleConsumer: class org.apache.jmeter.report.processor.graph.impl.LatencyOverTimeGraphConsumer#stopProducing(): latenciesOverTime produced 0 samples
2026-04-13 01:32:32,386 INFO o.a.j.r.p.AbstractSampleConsumer: class org.apache.jmeter.report.processor.FilterConsumer#stopProducing(): nameFilter produced 170850 samples
2026-04-13 01:32:32,386 INFO o.a.j.r.p.AbstractSampleConsumer: class org.apache.jmeter.report.processor.FilterConsumer#stopProducing(): dateRangeFilter produced 34170 samples
2026-04-13 01:32:32,386 INFO o.a.j.r.p.AbstractSampleConsumer: class org.apache.jmeter.report.processor.NormalizerSampleConsumer#stopProducing(): normalizer produced 11390 samples
2026-04-13 01:32:32,386 INFO o.a.j.r.p.CsvFileSampleSource: produce(): 11390 samples produced in 469ms on channel 0
2026-04-13 01:32:32,386 INFO o.a.j.r.d.ReportGenerator: Exporting data using exporter:'json' of className:'org.apache.jmeter.report.dashboard.JsonExporter'
2026-04-13 01:32:32,423 INFO o.a.j.r.d.JsonExporter: Found data for consumer statisticsSummary in context
2026-04-13 01:32:32,423 INFO o.a.j.r.d.JsonExporter: Creating statistics for overall
2026-04-13 01:32:32,423 INFO o.a.j.r.d.JsonExporter: Creating statistics for other transactions
2026-04-13 01:32:32,423 INFO o.a.j.r.d.JsonExporter: Checking output folder
2026-04-13 01:32:32,424 INFO o.a.j.r.d.JsonExporter: Writing statistics JSON to /Users/rachanadinkar/TestingFramework/performance/html_report/statistics.json
2026-04-13 01:32:32,446 INFO o.a.j.r.d.ReportGenerator: Exporting data using exporter:'html' of className:'org.apache.jmeter.report.dashboard.HtmlTemplateExporter'
2026-04-13 01:32:32,447 INFO o.a.j.r.d.HtmlTemplateExporter: Will generate dashboard in folder: /Users/rachanadinkar/TestingFramework/performance/html_report
2026-04-13 01:32:32,507 INFO o.a.j.r.d.HtmlTemplateExporter: Report will be generated in: /Users/rachanadinkar/TestingFramework/performance/html_report, creating folder structure
2026-04-13 01:32:32,508 INFO o.a.j.r.d.TemplateVisitor: Copying folder from '/opt/homebrew/Cellar/jmeter/5.6.3/libexec/bin/report-template' to '/Users/rachanadinkar/TestingFramework/performance/html_report', got message: /Users/rachanadinkar/TestingFramework/performance/html_report, found non empty folder with following content [/Users/rachanadinkar/TestingFramework/performance/html_report/statistics.json], will be ignored
2026-04-13 01:32:32,650 INFO o.a.j.JMeter: Dashboard generated
