2026-04-13 00:35:53,647 INFO o.a.j.u.JMeterUtils: Setting Locale to en_EN
2026-04-13 00:35:53,658 INFO o.a.j.JMeter: Loading user properties from: /opt/homebrew/Cellar/jmeter/5.6.3/libexec/bin/user.properties
2026-04-13 00:35:53,659 INFO o.a.j.JMeter: Loading system properties from: /opt/homebrew/Cellar/jmeter/5.6.3/libexec/bin/system.properties
2026-04-13 00:35:53,659 INFO o.a.j.JMeter: Setting JMeter property: jmeter.save.saveservice.output_format=csv
2026-04-13 00:35:53,661 INFO o.a.j.JMeter: Copyright (c) 1998-2024 The Apache Software Foundation
2026-04-13 00:35:53,661 INFO o.a.j.JMeter: Version 5.6.3
2026-04-13 00:35:53,661 INFO o.a.j.JMeter: java.version=21.0.5
2026-04-13 00:35:53,661 INFO o.a.j.JMeter: java.vm.name=OpenJDK 64-Bit Server VM
2026-04-13 00:35:53,661 INFO o.a.j.JMeter: os.name=Mac OS X
2026-04-13 00:35:53,661 INFO o.a.j.JMeter: os.arch=aarch64
2026-04-13 00:35:53,661 INFO o.a.j.JMeter: os.version=15.6.1
2026-04-13 00:35:53,662 INFO o.a.j.JMeter: file.encoding=UTF-8
2026-04-13 00:35:53,662 INFO o.a.j.JMeter: java.awt.headless=true
2026-04-13 00:35:53,662 INFO o.a.j.JMeter: Max memory     =1073741824
2026-04-13 00:35:53,662 INFO o.a.j.JMeter: Available Processors =8
2026-04-13 00:35:53,667 INFO o.a.j.JMeter: Default Locale=English (EN)
2026-04-13 00:35:53,667 INFO o.a.j.JMeter: JMeter  Locale=English (EN)
2026-04-13 00:35:53,667 INFO o.a.j.JMeter: JMeterHome=/opt/homebrew/Cellar/jmeter/5.6.3/libexec
2026-04-13 00:35:53,667 INFO o.a.j.JMeter: user.dir  =/Users/rachanadinkar/TestingFramework
2026-04-13 00:35:53,667 INFO o.a.j.JMeter: PWD       =/Users/rachanadinkar/TestingFramework
2026-04-13 00:35:53,669 INFO o.a.j.JMeter: IP: 127.0.0.1 Name: Sandeshs-MacBook-Air.local FullName: localhost
2026-04-13 00:35:53,674 INFO o.a.j.JMeter: Setting property 'jmeter.reportgenerator.outputdir' to:'/Users/rachanadinkar/TestingFramework/performance/html_report'
2026-04-13 00:35:53,675 INFO o.a.j.s.FileServer: Default base='/Users/rachanadinkar/TestingFramework'
2026-04-13 00:35:53,676 INFO o.a.j.s.FileServer: Set new base='/Users/rachanadinkar/TestingFramework/performance/jmx'
2026-04-13 00:35:53,783 INFO o.a.j.s.SaveService: Testplan (JMX) version: 2.2. Testlog (JTL) version: 2.2
2026-04-13 00:35:53,813 INFO o.a.j.s.SaveService: Using SaveService properties version 5.0
2026-04-13 00:35:53,814 INFO o.a.j.s.SaveService: Using SaveService properties file encoding UTF-8
2026-04-13 00:35:53,815 INFO o.a.j.s.SaveService: Loading file: performance/jmx/saucedemo_weekend_lab.jmx
2026-04-13 00:35:53,838 INFO o.a.j.p.h.c.CookieManager: Settings: Delete null: true Check: true Allow variable: true Save: false Prefix: COOKIE_
2026-04-13 00:35:53,850 INFO o.a.j.p.h.s.HTTPSamplerBase: Parser for text/html is org.apache.jmeter.protocol.http.parser.LagartoBasedHtmlParser
2026-04-13 00:35:53,850 INFO o.a.j.p.h.s.HTTPSamplerBase: Parser for application/xhtml+xml is org.apache.jmeter.protocol.http.parser.LagartoBasedHtmlParser
2026-04-13 00:35:53,850 INFO o.a.j.p.h.s.HTTPSamplerBase: Parser for application/xml is org.apache.jmeter.protocol.http.parser.LagartoBasedHtmlParser
2026-04-13 00:35:53,850 INFO o.a.j.p.h.s.HTTPSamplerBase: Parser for text/xml is org.apache.jmeter.protocol.http.parser.LagartoBasedHtmlParser
2026-04-13 00:35:53,850 INFO o.a.j.p.h.s.HTTPSamplerBase: Parser for text/vnd.wap.wml is org.apache.jmeter.protocol.http.parser.RegexpHTMLParser
2026-04-13 00:35:53,850 INFO o.a.j.p.h.s.HTTPSamplerBase: Parser for text/css is org.apache.jmeter.protocol.http.parser.CssParser
2026-04-13 00:35:53,854 INFO o.a.j.JMeter: Creating summariser <summary>
2026-04-13 00:35:53,859 INFO o.a.j.r.d.ReportGenerator: ReportGenerator will use for Parsing the separator: ','
2026-04-13 00:35:53,859 INFO o.a.j.r.d.ReportGenerator: Will generate report at end of test from  results file: performance/results/results.jtl
2026-04-13 00:35:53,859 INFO o.a.j.r.d.ReportGenerator: Reading report generator properties from: /opt/homebrew/Cellar/jmeter/5.6.3/libexec/bin/reportgenerator.properties
2026-04-13 00:35:53,860 INFO o.a.j.r.d.ReportGenerator: Merging with JMeter properties
2026-04-13 00:35:53,862 INFO o.a.j.r.c.ReportGeneratorConfiguration: Property 'jmeter.reportgenerator.temp_dir' not found, using default value 'temp' instead.
2026-04-13 00:35:53,863 INFO o.a.j.r.c.ReportGeneratorConfiguration: Property 'jmeter.reportgenerator.apdex_per_transaction' not found, using default value 'null' instead.
2026-04-13 00:35:53,863 INFO o.a.j.r.c.ReportGeneratorConfiguration: apdex_per_transaction is empty, not APDEX per transaction customization
2026-04-13 00:35:53,863 INFO o.a.j.r.c.ReportGeneratorConfiguration: Property 'jmeter.reportgenerator.sample_filter' not found, using default value 'null' instead.
2026-04-13 00:35:53,863 INFO o.a.j.r.c.ReportGeneratorConfiguration: Property 'jmeter.reportgenerator.report_title' not found, using default value 'null' instead.
2026-04-13 00:35:53,863 INFO o.a.j.r.c.ReportGeneratorConfiguration: Property 'jmeter.reportgenerator.start_date' not found, using default value 'null' instead.
2026-04-13 00:35:53,863 INFO o.a.j.r.c.ReportGeneratorConfiguration: Property 'jmeter.reportgenerator.end_date' not found, using default value 'null' instead.
2026-04-13 00:35:53,863 INFO o.a.j.r.c.ReportGeneratorConfiguration: Property 'jmeter.reportgenerator.date_format' not found, using default value 'null' instead.
2026-04-13 00:35:53,863 INFO o.a.j.r.c.ReportGeneratorConfiguration: Will use date range start date: null, end date: null
2026-04-13 00:35:53,865 INFO o.a.j.r.c.ReportGeneratorConfiguration: Property 'jmeter.reportgenerator.graph.totalTPS.exclude_controllers' not found, using default value 'false' instead.
2026-04-13 00:35:53,865 INFO o.a.j.r.c.ReportGeneratorConfiguration: Property 'jmeter.reportgenerator.graph.activeThreadsOverTime.exclude_controllers' not found, using default value 'false' instead.
2026-04-13 00:35:53,865 INFO o.a.j.r.c.ReportGeneratorConfiguration: Property 'jmeter.reportgenerator.graph.timeVsThreads.exclude_controllers' not found, using default value 'false' instead.
2026-04-13 00:35:53,865 INFO o.a.j.r.c.ReportGeneratorConfiguration: Property 'jmeter.reportgenerator.graph.responseTimeDistribution.exclude_controllers' not found, using default value 'false' instead.
2026-04-13 00:35:53,865 INFO o.a.j.r.c.ReportGeneratorConfiguration: Property 'jmeter.reportgenerator.graph.transactionsPerSecond.exclude_controllers' not found, using default value 'false' instead.
2026-04-13 00:35:53,865 INFO o.a.j.r.c.ReportGeneratorConfiguration: Property 'jmeter.reportgenerator.graph.responseTimePercentiles.exclude_controllers' not found, using default value 'false' instead.
2026-04-13 00:35:53,865 INFO o.a.j.r.c.ReportGeneratorConfiguration: Property 'jmeter.reportgenerator.graph.responseTimePercentilesOverTime.exclude_controllers' not found, using default value 'false' instead.
2026-04-13 00:35:53,866 INFO o.a.j.r.c.ReportGeneratorConfiguration: Property 'jmeter.reportgenerator.graph.responseTimesOverTime.exclude_controllers' not found, using default value 'false' instead.
2026-04-13 00:35:53,866 INFO o.a.j.r.c.ReportGeneratorConfiguration: Property 'jmeter.reportgenerator.graph.connectTimeOverTime.exclude_controllers' not found, using default value 'false' instead.
2026-04-13 00:35:53,866 INFO o.a.j.r.c.ReportGeneratorConfiguration: Property 'jmeter.reportgenerator.graph.latenciesOverTime.exclude_controllers' not found, using default value 'false' instead.
2026-04-13 00:35:53,866 INFO o.a.j.r.c.ReportGeneratorConfiguration: Property 'jmeter.reportgenerator.exporter.json.filters_only_sample_series' not found, using default value 'true' instead.
2026-04-13 00:35:53,866 INFO o.a.j.r.c.ReportGeneratorConfiguration: Property 'jmeter.reportgenerator.exporter.json.series_filter' not found, using default value '' instead.
2026-04-13 00:35:53,866 INFO o.a.j.r.c.ReportGeneratorConfiguration: Property 'jmeter.reportgenerator.exporter.json.show_controllers_only' not found, using default value 'false' instead.
2026-04-13 00:35:53,866 INFO o.a.j.r.c.ReportGeneratorConfiguration: Property 'jmeter.reportgenerator.exporter.html.filters_only_sample_series' not found, using default value 'true' instead.
2026-04-13 00:35:53,866 INFO o.a.j.r.c.ReportGeneratorConfiguration: Property 'jmeter.reportgenerator.exporter.html.series_filter' not found, using default value '' ins2026-04-13 01:37:00,575 INFO o.a.j.t.JMeterThread: Thread started: SauceDemo Load Thread Group 1-19
2026-04-13 01:37:00,577 INFO o.a.j.r.Summariser: summary +   1212 in 01:21:31 =    0.2/s Avg:  3628 Min:     6 Max: 4379001 Err:   604 (49.83%) Active: 18 Started: 18 Finished: 0
2026-04-13 01:37:00,575 INFO o.a.j.t.JMeterThread: Thread started: SauceDemo Load Thread Group 1-20
2026-04-13 01:37:00,582 INFO o.a.j.r.Summariser: summary =   1766 in 01:21:59 =    0.4/s Avg:  2496 Min:     6 Max: 4379001 Err:   878 (49.72%)
2026-04-13 01:37:00,582 INFO o.a.j.t.JMeterThread: Stopping because end time detected by thread: SauceDemo Load Thread Group 1-16
2026-04-13 01:37:00,582 INFO o.a.j.t.JMeterThread: Thread finished: SauceDemo Load Thread Group 1-16
2026-04-13 01:37:00,581 INFO o.a.j.t.JMeterThread: Stopping because end time detected by thread: SauceDemo Load Thread Group 1-19
2026-04-13 01:37:00,583 INFO o.a.j.t.JMeterThread: Stopping because end time detected by thread: SauceDemo Load Thread Group 1-20
2026-04-13 01:37:00,583 INFO o.a.j.t.JMeterThread: Thread finished: SauceDemo Load Thread Group 1-19
2026-04-13 01:37:00,583 INFO o.a.j.t.JMeterThread: Thread finished: SauceDemo Load Thread Group 1-20
2026-04-13 01:37:00,585 INFO o.a.j.r.ResultCollector: Shutdown hook started
2026-04-13 01:37:00,586 INFO o.a.j.r.ResultCollector: Shutdown hook ended
eads for group SauceDemo Load Thread Group.
2026-04-13 00:35:53,979 INFO o.a.j.e.StandardJMeterEngine: Thread will continue on error
2026-04-13 00:35:53,979 INFO o.a.j.t.ThreadGroup: Starting thread group... number=1 threads=20 ramp-up=60 delayedStart=false
2026-04-13 00:35:53,982 INFO o.a.j.t.JMeterThread: Thread started: SauceDemo Load Thread Group 1-1
2026-04-13 00:35:53,985 INFO o.a.j.t.ThreadGroup: Started thread group number 1
2026-04-13 00:35:53,985 INFO o.a.j.e.StandardJMeterEngine: All thread groups have been started
2026-04-13 00:35:54,224 INFO o.a.j.p.h.s.HTTPHCAbstractImpl: Local host = Sandeshs-MacBook-Air.local
2026-04-13 00:35:54,228 INFO o.a.j.p.h.s.HTTPHC4Impl: HTTP request retry count = 0
2026-04-13 00:35:54,229 INFO o.a.j.s.SampleResult: Note: Sample TimeStamps are START times
2026-04-13 00:35:54,230 INFO o.a.j.s.SampleResult: sampleresult.default.encoding is set to UTF-8
2026-04-13 00:35:54,230 INFO o.a.j.s.SampleResult: sampleresult.useNanoTime=true
2026-04-13 00:35:54,230 INFO o.a.j.s.SampleResult: sampleresult.nanoThreadSleep=5000
2026-04-13 00:35:54,266 INFO o.a.j.p.h.s.h.LazyLayeredConnectionSocketFactory: Setting up HTTPS TrustAll Socket Factory
2026-04-13 00:35:54,269 INFO o.a.j.u.JsseSSLManager: Using default SSL protocol: TLS
2026-04-13 00:35:54,269 INFO o.a.j.u.JsseSSLManager: SSL session context: per-thread
2026-04-13 00:35:54,311 INFO o.a.j.u.SSLManager: JmeterKeyStore Location:  type JKS
2026-04-13 00:35:54,312 INFO o.a.j.u.SSLManager: KeyStore created OK
2026-04-13 00:35:54,313 WARN o.a.j.u.SSLManager: Keystore file not found, loading empty keystore
2026-04-13 00:35:56,985 INFO o.a.j.t.JMeterThread: Thread started: SauceDemo Load Thread Group 1-2
2026-04-13 00:35:59,985 INFO o.a.j.t.JMeterThread: Thread started: SauceDemo Load Thread Group 1-3
2026-04-13 00:36:00,122 INFO o.a.j.r.Summariser: summary +     24 in 00:00:06 =    3.9/s Avg:    85 Min:     8 Max:   352 Err:     0 (0.00%) Active: 3 Started: 3 Finished: 0
2026-04-13 00:36:02,986 INFO o.a.j.t.JMeterThread: Thread started: SauceDemo Load Thread Group 1-4
2026-04-13 00:36:05,984 INFO o.a.j.t.JMeterThread: Thread started: SauceDemo Load Thread Group 1-5
2026-04-13 00:36:08,983 INFO o.a.j.t.JMeterThread: Thread started: SauceDemo Load Thread Group 1-6
2026-04-13 00:36:11,984 INFO o.a.j.t.JMeterThread: Thread started: SauceDemo Load Thread Group 1-7
2026-04-13 00:36:14,981 INFO o.a.j.t.JMeterThread: Thread started: SauceDemo Load Thread Group 1-8
2026-04-13 00:36:17,984 INFO o.a.j.t.JMeterThread: Thread started: SauceDemo Load Thread Group 1-9
2026-04-13 00:36:20,980 INFO o.a.j.t.JMeterThread: Thread started: SauceDemo Load Thread Group 1-10
2026-04-13 00:36:23,982 INFO o.a.j.t.JMeterThread: Thread started: SauceDemo Load Thread Group 1-11
2026-04-13 00:36:26,984 INFO o.a.j.t.JMeterThread: Thread started: SauceDemo Load Thread Group 1-12
2026-04-13 00:36:29,981 INFO o.a.j.t.JMeterThread: Thread started: SauceDemo Load Thread Group 1-13
2026-04-13 00:36:30,017 INFO o.a.j.r.Summariser: summary +    288 in 00:00:30 =    9.6/s Avg:   504 Min:     6 Max:  3038 Err:     0 (0.00%) Active: 13 Started: 13 Finished: 0
2026-04-13 00:36:30,017 INFO o.a.j.r.Summariser: summary =    312 in 00:00:36 =    8.7/s Avg:   472 Min:     6 Max:  3038 Err:     0 (0.00%)
2026-04-13 00:36:32,980 INFO o.a.j.t.JMeterThread: Thread started: SauceDemo Load Thread Group 1-14
2026-04-13 00:36:35,984 INFO o.a.j.t.JMeterThread: Thread started: SauceDemo Load Thread Group 1-15
2026-04-13 00:36:38,984 INFO o.a.j.t.JMeterThread: Thread started: SauceDemo Load Thread Group 1-16
2026-04-13 00:36:41,983 INFO o.a.j.t.JMeterThread: Thread started: SauceDemo Load Thread Group 1-17
2026-04-13 00:36:44,983 INFO o.a.j.t.JMeterThread: Thread started: SauceDemo Load Thread Group 1-18
2026-04-13 00:36:47,981 INFO o.a.j.t.JMeterThread: Thread started: SauceDemo Load Thread Group 1-19
2026-04-13 00:36:50,984 INFO o.a.j.t.JMeterThread: Thread started: SauceDemo Load Thread Group 1-20
2026-04-13 00:37:00,360 INFO o.a.j.r.Summariser: summary +    304 in 00:00:30 =   10.0/s Avg:  1398 Min:    25 Max:  4847 Err:     0 (0.00%) Active: 20 Started: 20 Finished: 0
2026-04-13 00:37:00,362 INFO o.a.j.r.Summariser: summary =    616 in 00:01:06 =    9.3/s Avg:   929 Min:     6 Max:  4847 Err:     0 (0.00%)
202026-04-13 01:37:00,579 INFO o.a.j.t.JMeterThread: Stopping because end time detected by thread: SauceDemo Load Thread Group 1-13
2026-04-13 01:37:00,579 INFO o.a.j.r.Summariser: summary +   1494 in 01:29:31 =    0.3/s Avg:  3271 Min:     6 Max: 4862926 Err:   745 (49.87%) Active: 20 Started: 20 Finished: 0
2026-04-13 01:37:00,580 INFO o.a.j.t.JMeterThread: Thread finished: SauceDemo Load Thread Group 1-13
2026-04-13 01:37:00,580 INFO o.a.j.r.Summariser: summary =   3526 in 01:30:27 =    0.6/s Avg:  1397 Min:     6 Max: 4862926 Err:  1756 (49.80%)
2026-04-13 01:37:00,580 INFO o.a.j.t.JMeterThread: Stopping because end time detected by thread: SauceDemo Load Thread Group 1-1
2026-04-13 01:37:00,580 INFO o.a.j.t.JMeterThread: Thread finished: SauceDemo Load Thread Group 1-1
2026-04-13 01:37:00,581 INFO o.a.j.r.ResultCollector: Shutdown hook started
2026-04-13 01:37:00,583 INFO o.a.j.r.ResultCollector: Shutdown hook ended
:     0 (0.00%)
2026-04-13 00:38:53,587 INFO o.a.j.t.JMeterThread: Thread finished: SauceDemo Load Thread Group 1-9
2026-04-13 00:38:53,779 INFO o.a.j.t.JMeterThread: Thread finished: SauceDemo Load Thread Group 1-2
2026-04-13 00:38:54,042 INFO o.a.j.t.JMeterThread: Stopping because end time detected by thread: SauceDemo Load Thread Group 1-12
2026-04-13 00:38:54,043 INFO o.a.j.t.JMeterThread: Thread finished: SauceDemo Load Thread Group 1-12
2026-04-13 00:38:54,268 INFO o.a.j.t.JMeterThread: Stopping because end time detected by thread: SauceDemo Load Thread Group 1-15
2026-04-13 00:38:54,268 INFO o.a.j.t.JMeterThread: Stopping because end time detected by thread: SauceDemo Load Thread Group 1-11
2026-04-13 00:38:54,268 INFO o.a.j.t.JMeterThread: Thread finished: SauceDemo Load Thread Group 1-11
2026-04-13 00:38:54,268 INFO o.a.j.t.JMeterThread: Thread finished: SauceDemo Load Thread Group 1-15
2026-04-13 00:38:54,476 INFO o.a.j.t.JMeterThread: Stopping because end time detected by thread: SauceDemo Load Thread Group 1-14
2026-04-13 00:38:54,476 INFO o.a.j.t.JMeterThread: Thread finished: SauceDemo Load Thread Group 1-14
2026-04-13 00:38:54,519 INFO o.a.j.t.JMeterThread: Stopping because end time detected by thread: SauceDemo Load Thread Group 1-5
2026-04-13 00:38:54,520 INFO o.a.j.t.JMeterThread: Thread finished: SauceDemo Load Thread Group 1-5
2026-04-13 00:38:54,587 INFO o.a.j.t.JMeterThread: Stopping because end time detected by thread: SauceDemo Load Thread Group 1-10
2026-04-13 00:38:54,588 INFO o.a.j.t.JMeterThread: Thread finished: SauceDemo Load Thread Group 1-10
2026-04-13 00:38:54,651 INFO o.a.j.t.JMeterThread: Stopping because end time detected by thread: SauceDemo Load Thread Group 1-20
2026-04-13 00:38:54,652 INFO o.a.j.t.JMeterThread: Thread finished: SauceDemo Load Thread Group 1-20
2026-04-13 00:38:54,697 INFO o.a.j.t.JMeterThread: Stopping because end time detected by thread: SauceDemo Load Thread Group 1-13
2026-04-13 00:38:54,698 INFO o.a.j.t.JMeterThread: Thread finished: SauceDemo Load Thread Group 1-13
2026-04-13 00:38:54,767 INFO o.a.j.t.JMeterThread: Stopping because end time detected by thread: SauceDemo Load Thread Group 1-7
2026-04-13 00:38:54,767 INFO o.a.j.t.JMeterThread: Thread finished: SauceDemo Load Thread Group 1-7
2026-04-13 00:38:54,787 INFO o.a.j.t.JMeterThread: Stopping because end time detected by thread: SauceDemo Load Thread Group 1-6
2026-04-13 00:38:54,787 INFO o.a.j.t.JMeterThread: Thread finished: SauceDemo Load Thread Group 1-6
2026-04-13 00:38:54,968 INFO o.a.j.t.JMeterThread: Stopping because end time detected by thread: SauceDemo Load Thread Group 1-16
2026-04-13 00:38:54,969 INFO o.a.j.t.JMeterThread: Thread finished: SauceDemo Load Thread Group 1-16
2026-04-13 00:38:54,976 INFO o.a.j.t.JMeterThread: Stopping because end time detected by thread: SauceDemo Load Thread Group 1-1
2026-04-13 00:38:54,976 INFO o.a.j.t.JMeterThread: Thread finished: SauceDemo Load Thread Group 1-1
2026-04-13 00:38:55,052 INFO o.a.j.t.JMeterThread: Stopping because end time detected by thread: SauceDemo Load Thread Group 1-18
2026-04-13 00:38:55,052 INFO o.a.j.t.JMeterThread: Thread finished: SauceDemo Load Thread Group 1-18
2026-04-13 00:38:55,163 INFO o.a.j.t.JMeterThread: Stopping because end time detected by thread: SauceDemo Load Thread Group 1-8
2026-04-13 00:38:55,163 INFO o.a.j.t.JMeterThread: Stopping because end time detected by thread: SauceDemo Load Thread Group 1-3
2026-04-13 00:38:55,163 INFO o.a.j.t.JMeterThread: Thread finished: SauceDemo Load Thread Group 1-3
2026-04-13 00:38:55,163 INFO o.a.j.t.JMeterThread: Thread finished: SauceDemo Load Thread Group 1-8
2026-04-13 00:38:55,166 INFO o.a.j.t.JMeterThread: Stopping because end time detected by thread: SauceDemo Load Thread Group 1-19
2026-04-13 00:38:55,166 INFO o.a.j.t.JMeterThread: Thread finished: SauceDemo Load Thread Group 1-19
2026-04-13 00:38:55,328 INFO o.a.j.t.JMeterThread: Stopping because end time detected by thread: SauceDemo Load Thread Group 1-17
2026-04-13 00:38:55,328 INFO o.a.j.t.JMeterThread: Thread finished: SauceDemo Load Thread Group 1-17
2026-04-13 00:38:55,470 INFO o.a.j.t.JMeterThread: Stopping because end time detected by thread: SauceDemo Load Thread Group 1-4
2026-04-13 00:38:55,470 INFO o.a.j.t.JMeterThread: Thread finished: SauceDemo Load Thread Group 1-4
2026-04-13 00:38:55,471 INFO o.a.j.e.StandardJMeterEngine: Notifying test listeners of end of test
2026-04-13 00:38:55,473 INFO o.a.j.r.Summariser: summary +    229 in 00:00:25 =    9.1/s Avg:  2076 Min:    23 Max:  7432 Err:     0 (0.00%) Active: 0 Started: 20 Finished: 20
2026-04-13 00:38:55,474 INFO o.a.j.r.Summariser: summary =   1672 in 00:03:02 =    9.2/s Avg:  1564 Min:     6 Max: 10467 Err:     0 (0.00%)
2026-04-13 00:38:55,474 INFO o.a.j.JMeter: Generating Dashboard
2026-04-13 00:38:55,474 INFO o.a.j.r.d.ReportGenerator: Flushing result collector before report Generation
2026-04-13 00:38:55,491 INFO o.a.j.r.p.NormalizerSampleConsumer: Using format, 'ms', to parse timeStamp field
2026-04-13 00:38:55,580 INFO o.a.j.r.p.AbstractSampleConsumer: class org.apache.jmeter.report.processor.AggregateConsumer#stopProducing(): beginDate produced 0 samples
2026-04-13 00:38:55,580 INFO o.a.j.r.p.AbstractSampleConsumer: class org.apache.jmeter.report.processor.AggregateConsumer#stopProducing(): endDate produced 0 samples
2026-04-13 00:38:55,581 INFO o.a.j.r.p.AbstractSampleConsumer: class org.apache.jmeter.report.processor.ApdexSummaryConsumer#stopProducing(): apdexSummary produced 0 samples
2026-04-13 00:38:55,581 INFO o.a.j.r.p.AbstractSampleConsumer: class org.apache.jmeter.report.processor.RequestsSummaryConsumer#stopProducing(): requestsSummary produced 0 samples
2026-04-13 00:38:55,584 INFO o.a.j.r.p.AbstractSampleConsumer: class org.apache.jmeter.report.processor.StatisticsSummaryConsumer#stopProducing(): statisticsSummary produced 0 samples
2026-04-13 00:38:55,584 INFO o.a.j.r.p.AbstractSampleConsumer: class org.apache.jmeter.report.processor.Top5ErrorsBySamplerConsumer#stopProducing(): top5ErrorsBySampler produced 0 samples
2026-04-13 00:38:55,585 INFO o.a.j.r.p.AbstractSampleConsumer: class org.apache.jmeter.report.processor.ErrorsSummaryConsumer#stopProducing(): errorsSummary produced 0 samples
2026-04-13 00:38:55,585 INFO o.a.j.r.p.AbstractSampleConsumer: class org.apache.jmeter.report.processor.graph.impl.HitsPerSecondGraphConsumer#stopProducing(): hitsPerSecond produced 0 samples
2026-04-13 00:38:55,604 INFO o.a.j.r.p.AbstractSampleConsumer: class org.apache.jmeter.report.processor.graph.impl.LatencyVSRequestGraphConsumer#stopProducing(): latencyVsRequest produced 0 samples
2026-04-13 00:38:55,604 INFO o.a.j.r.p.AbstractSampleConsumer: class org.apache.jmeter.report.processor.graph.impl.SyntheticResponseTimeDistributionGraphConsumer#stopProducing(): syntheticResponseTimeDistribution produced 0 samples
2026-04-13 00:38:55,605 INFO o.a.j.r.p.AbstractSampleConsumer: class org.apache.jmeter.report.processor.graph.impl.BytesThroughputGraphConsumer#stopProducing(): bytesThroughputOverTime produced 0 samples
2026-04-13 00:38:55,605 INFO o.a.j.r.p.AbstractSampleConsumer: class org.apache.jmeter.report.processor.graph.impl.CodesPerSecondGraphConsumer#stopProducing(): codesPerSecond produced 0 samples
2026-04-13 00:38:55,615 INFO o.a.j.r.p.AbstractSampleConsumer: class org.apache.jmeter.report.processor.graph.impl.ResponseTimeVSRequestGraphConsumer#stopProducing(): responseTimeVsRequest produced 0 samples
2026-04-13 00:38:55,615 INFO o.a.j.r.p.AbstractSampleConsumer: class org.apache.jmeter.report.processor.FilterConsumer#stopProducing(): startIntervalControlerFilter produced 11704 samples
2026-04-13 00:38:55,615 INFO o.a.j.r.p.AbstractSampleConsumer: class org.apache.jmeter.report.processor.graph.impl.TotalTPSGraphConsumer#stopProducing(): totalTPS produced 0 samples
2026-04-13 00:38:55,615 INFO o.a.j.r.p.AbstractSampleConsumer: class org.apache.jmeter.report.processor.graph.impl.ActiveThreadsGraphConsumer#stopProducing(): activeThreadsOverTime produced 0 samples
2026-04-13 00:38:55,615 INFO o.a.j.r.p.AbstractSampleConsumer: class org.apache.jmeter.report.processor.graph.impl.TimeVSThreadGraphConsumer#stopProducing(): timeVsThreads produced 0 samples
2026-04-13 00:38:55,615 INFO o.a.j.r.p.AbstractSampleConsumer: class org.apache.jmeter.report.processor.graph.impl.ResponseTimeDistributionGraphConsumer#stopProducing(): responseTimeDistribution produced 0 samples
2026-04-13 00:38:55,616 INFO o.a.j.r.p.AbstractSampleConsumer: class org.apache.jmeter.report.processor.graph.impl.TransactionsPerSecondGraphConsumer#stopProducing(): transactionsPerSecond produced 0 samples
2026-04-13 00:38:55,616 INFO o.a.j.r.p.AbstractSampleConsumer: class org.apache.jmeter.report.processor.graph.impl.ResponseTimePercentilesGraphConsumer#stopProducing(): responseTimePercentiles produced 0 samples
2026-04-13 00:38:55,617 INFO o.a.j.r.p.AbstractSampleConsumer: class org.apache.jmeter.report.processor.graph.impl.ResponseTimePercentilesOverTimeGraphConsumer#stopProducing(): responseTimePercentilesOverTime produced 0 samples
2026-04-13 00:38:55,617 INFO o.a.j.r.p.AbstractSampleConsumer: class org.apache.jmeter.report.processor.graph.impl.ResponseTimeOverTimeGraphConsumer#stopProducing(): responseTimesOverTime produced 0 samples
2026-04-13 00:38:55,617 INFO o.a.j.r.p.AbstractSampleConsumer: class org.apache.jmeter.report.processor.graph.impl.ConnectTimeOverTimeGraphConsumer#stopProducing(): connectTimeOverTime produced 0 samples
2026-04-13 00:38:55,617 INFO o.a.j.r.p.AbstractSampleConsumer: class org.apache.jmeter.report.processor.graph.impl.LatencyOverTimeGraphConsumer#stopProducing(): latenciesOverTime produced 0 samples
2026-04-13 00:38:55,617 INFO o.a.j.r.p.AbstractSampleConsumer: class org.apache.jmeter.report.processor.FilterConsumer#stopProducing(): nameFilter produced 25080 samples
2026-04-13 00:38:55,617 INFO o.a.j.r.p.AbstractSampleConsumer: class org.apache.jmeter.report.processor.FilterConsumer#stopProducing(): dateRangeFilter produced 5016 samples
2026-04-13 00:38:55,617 INFO o.a.j.r.p.AbstractSampleConsumer: class org.apache.jmeter.report.processor.NormalizerSampleConsumer#stopProducing(): normalizer produced 1672 samples
2026-04-13 00:38:55,618 INFO o.a.j.r.p.CsvFileSampleSource: produce(): 1672 samples produced in 103ms on channel 0
2026-04-13 00:38:55,618 INFO o.a.j.r.d.ReportGenerator: Exporting data using exporter:'json' of className:'org.apache.jmeter.report.dashboard.JsonExporter'
2026-04-13 00:38:55,651 INFO o.a.j.r.d.JsonExporter: Found data for consumer statisticsSummary in context
2026-04-13 00:38:55,651 INFO o.a.j.r.d.JsonExporter: Creating statistics for overall
2026-04-13 00:38:55,651 INFO o.a.j.r.d.JsonExporter: Creating statistics for other transactions
2026-04-13 00:38:55,651 INFO o.a.j.r.d.JsonExporter: Checking output folder
2026-04-13 00:38:55,651 INFO o.a.j.r.d.JsonExporter: Writing statistics JSON to /Users/rachanadinkar/TestingFramework/performance/html_report/statistics.json
2026-04-13 00:38:55,669 INFO o.a.j.r.d.ReportGenerator: Exporting data using exporter:'html' of className:'org.apache.jmeter.report.dashboard.HtmlTemplateExporter'
2026-04-13 00:38:55,670 INFO o.a.j.r.d.HtmlTemplateExporter: Will generate dashboard in folder: /Users/rachanadinkar/TestingFramework/performance/html_report
2026-04-13 00:38:55,713 INFO o.a.j.r.d.HtmlTemplateExporter: Report will be generated in: /Users/rachanadinkar/TestingFramework/performance/html_report, creating folder structure
2026-04-13 00:38:55,714 INFO o.a.j.r.d.TemplateVisitor: Copying folder from '/opt/homebrew/Cellar/jmeter/5.6.3/libexec/bin/report-template' to '/Users/rachanadinkar/TestingFramework/performance/html_report', got message: /Users/rachanadinkar/TestingFramework/performance/html_report, found non empty folder with following content [/Users/rachanadinkar/TestingFramework/performance/html_report/statistics.json], will be ignored
2026-04-13 00:38:55,852 INFO o.a.j.JMeter: Dashboard generated
